[debug] [2025-10-21T04:22:01.183Z] ----------------------------------------------------------------------
[debug] [2025-10-21T04:22:01.186Z] Command:       C:\nvm4w\nodejs\node.exe C:\nvm4w\nodejs\node_modules\firebase-tools\lib\bin\firebase.js init hosting
[debug] [2025-10-21T04:22:01.186Z] CLI Version:   14.19.0
[debug] [2025-10-21T04:22:01.186Z] Platform:      win32
[debug] [2025-10-21T04:22:01.186Z] Node Version:  v22.20.0
[debug] [2025-10-21T04:22:01.187Z] Time:          Mon Oct 20 2025 23:22:01 GMT-0500 (Central Daylight Time)
[debug] [2025-10-21T04:22:01.187Z] ----------------------------------------------------------------------
[debug] 
[info] 
     ######## #### ########  ######## ########     ###     ######  ########
     ##        ##  ##     ## ##       ##     ##  ##   ##  ##       ##
     ######    ##  ########  ######   ########  #########  ######  ######
     ##        ##  ##    ##  ##       ##     ## ##     ##       ## ##
     ##       #### ##     ## ######## ########  ##     ##  ######  ########

You're about to initialize a Firebase project in this directory:

  C:\LewisU\GA_FALL_2025\firebase_auth

Before we get started, keep in mind:

  * You are currently outside your home directory

[info] 
=== Project Setup
[info] 
[info] First, let's associate this project directory with a Firebase project.
[info] You can create multiple project aliases by running firebase use --add, 
[info] 
[debug] [2025-10-21T04:22:05.633Z] > command requires scopes: ["email","openid","https://www.googleapis.com/auth/cloudplatformprojects.readonly","https://www.googleapis.com/auth/firebase","https://www.googleapis.com/auth/cloud-platform"]
[debug] [2025-10-21T04:22:05.633Z] > authorizing via signed-in user (vykle@lewisu.edu)
[debug] [2025-10-21T04:22:05.634Z] Checked if tokens are valid: true, expires at: 1761024111780
[debug] [2025-10-21T04:22:05.634Z] Checked if tokens are valid: true, expires at: 1761024111780
[debug] [2025-10-21T04:22:05.636Z] >>> [apiv2][query] GET https://firebase.googleapis.com/v1beta1/projects pageSize=100
[debug] [2025-10-21T04:22:06.028Z] <<< [apiv2][status] GET https://firebase.googleapis.com/v1beta1/projects 200
[debug] [2025-10-21T04:22:06.028Z] <<< [apiv2][body] GET https://firebase.googleapis.com/v1beta1/projects [omitted]
[info] 
=== Hosting Setup
[debug] [2025-10-21T04:22:12.346Z] Checked if tokens are valid: true, expires at: 1761024111780
[debug] [2025-10-21T04:22:12.346Z] Checked if tokens are valid: true, expires at: 1761024111780
[debug] [2025-10-21T04:22:12.346Z] >>> [apiv2][query] GET https://firebase.googleapis.com/v1beta1/projects/fir-auth-f29d7 [none]
[debug] [2025-10-21T04:22:13.238Z] <<< [apiv2][status] GET https://firebase.googleapis.com/v1beta1/projects/fir-auth-f29d7 200
[debug] [2025-10-21T04:22:13.238Z] <<< [apiv2][body] GET https://firebase.googleapis.com/v1beta1/projects/fir-auth-f29d7 {"projectId":"fir-auth-f29d7","projectNumber":"522543650921","displayName":"firebase-auth","name":"projects/fir-auth-f29d7","resources":{"hostingSite":"fir-auth-f29d7"},"state":"ACTIVE","etag":"1_3a3e1fe2-8357-4923-9771-c1e931323ec5"}
[info] 
[info] Your public directory is the folder (relative to your project directory) that
[info] will contain Hosting assets to be uploaded with firebase deploy. If you
[info] have a build process for your assets, use your build's output directory.
[info] 
[debug] [2025-10-21T04:25:55.272Z] ExitPromptError: User force closed the prompt with SIGINT
    at Interface.sigint (C:\Users\uoari\AppData\Local\nvm\v22.20.0\node_modules\firebase-tools\node_modules\@inquirer\core\dist\commonjs\lib\create-prompt.js:101:37)
    at Interface.emit (node:events:519:28)
    at Interface.emit (node:domain:489:12)
    at [_ttyWrite] [as _ttyWrite] (node:internal/readline/interface:1128:18)
    at ReadStream.onkeypress (node:internal/readline/interface:271:20)
    at ReadStream.emit (node:events:531:35)
    at ReadStream.emit (node:domain:489:12)
    at emitKeys (node:internal/readline/utils:370:14)
    at emitKeys.next (<anonymous>)
    at ReadStream.onData (node:internal/readline/emitKeypressEvents:64:36)
[error] 
[error] Error: An unexpected error has occurred.
